Started by GitHub push by prajwaldv
Running as SYSTEM
Building remotely on [8mha:////4FKqJJppqJbpjMGHlQSVAUl71t20fPkT6LHS0thYJyvLAAAAnR+LCAAAAAAAAP9b85aBtbiIQTGjNKU4P08vOT+vOD8nVc83PyU1x6OyILUoJzMv2y+/JJUBAhiZGBgqihhk0NSjKDWzXb3RdlLBUSYGJk8GtpzUvPSSDB8G5tKinBIGIZ+sxLJE/ZzEvHT94JKizLx0a6BxUmjGOUNodHsLgAwOoBn6yfm5BaUlqUX6wTmJZam6BoYAt39M38cAAAA=[0mSlave-01 (CJob) in workspace /home/jenkins-slave-01/workspace/BuildJob
No credentials specified
 > git rev-parse --is-inside-work-tree # timeout=10
Fetching changes from the remote Git repository
 > git config remote.origin.url https://github.com/prajwaldv/devops.git # timeout=10
Fetching upstream changes from https://github.com/prajwaldv/devops.git
 > git --version # timeout=10
 > git fetch --tags --progress -- https://github.com/prajwaldv/devops.git +refs/heads/*:refs/remotes/origin/*
 > git rev-parse refs/remotes/origin/master^{commit} # timeout=10
 > git rev-parse refs/remotes/origin/origin/master^{commit} # timeout=10
Checking out Revision 1c26dc97f23a230a661b166406d6220638ff79db (refs/remotes/origin/master)
 > git config core.sparsecheckout # timeout=10
 > git checkout -f 1c26dc97f23a230a661b166406d6220638ff79db
Commit message: "test1 the build"
 > git rev-list --no-walk 971ed353fd9fc6db6271d99718c685c7031565d2 # timeout=10
[BuildJob] $ /bin/sh -xe /tmp/jenkins6737717221139486508.sh
+ pwd
+ cd
+ make OUT.exe
gcc -c main.c
make: gcc: Command not found
make: *** [makefile:4: main.o] Error 127
Build step 'Execute shell' marked build as failure
Finished: FAILURE
